# BEAST v1.10.4 Prerelease #bc6cbd9
# Generated Wed Feb 19 12:45:00 EAT 2025 [seed=1739958299565]
# ../beast_run/FY.4_may.xml
state	location.rates.Kenya.Others	location.rates.Others.Kenya	location.indicators.Kenya.Others	location.indicators.Others.Kenya	location.nonZeroRates
0	1.0	1.0	1.0	1.0	2.0
1000	2.057491820583276	0.028881152648669035	1.0	1.0	2.0
2000	1.5850842660001843	0.01601162832804606	1.0	1.0	2.0
3000	5.603201471365424	0.04363398839118716	1.0	1.0	2.0
4000	1.72932738119969	0.016632569477801267	1.0	1.0	2.0
5000	0.9211125305062734	0.054364627718038336	1.0	1.0	2.0
6000	2.113204434819478	0.03929847130892575	1.0	1.0	2.0
7000	4.7931871944315105	0.02608345898108652	1.0	1.0	2.0
8000	2.4706132635553657	0.028435947651203053	1.0	1.0	2.0
9000	1.592286765244283	0.053642833519719324	1.0	1.0	2.0
10000	5.1874925252410575	0.05607721215952762	1.0	1.0	2.0
11000	1.9282872608969244	0.009978561108755661	1.0	1.0	2.0
12000	1.5282297182516862	0.010340605928399646	1.0	1.0	2.0
13000	4.791204393462375	0.0060275065252276125	1.0	1.0	2.0
14000	2.282493312149878	0.02684849967134562	1.0	1.0	2.0
15000	0.22371825941948847	7.90483671126272E-4	1.0	1.0	2.0
16000	2.921529053318319	0.05261132270546084	1.0	1.0	2.0
17000	0.6971900512951918	0.0024737060568377147	1.0	1.0	2.0
18000	1.3400376020352687	0.010493352788348335	1.0	1.0	2.0
19000	1.088068391127464	0.008925336585252932	1.0	1.0	2.0
20000	1.6054014342853407	0.0026513332536367757	1.0	1.0	2.0
21000	5.353799775288391	0.020326843763068092	1.0	1.0	2.0
22000	3.1960515931008864	0.0526083831749575	1.0	1.0	2.0
23000	4.8705180669399235	0.014784596220434527	1.0	1.0	2.0
24000	1.2881769757317323	0.06947249320898027	1.0	1.0	2.0
25000	2.0818942851537754	0.008440633091742972	1.0	1.0	2.0
26000	1.6294578949758223	5.972611466753592E-4	1.0	1.0	2.0
27000	2.40017404199049	0.020611504063188738	1.0	1.0	2.0
28000	2.628995172591364	0.0019653229125920443	1.0	1.0	2.0
29000	2.8492763173466487	0.09127475967610663	1.0	1.0	2.0
30000	1.632358833676723	0.00896778214120883	1.0	1.0	2.0
31000	2.5708106885187783	0.048197484292537236	1.0	1.0	2.0
32000	3.2672997125502574	0.0033315956457755417	1.0	1.0	2.0
33000	1.6758332745754043	0.024873458711430357	1.0	1.0	2.0
34000	5.234982677360134	0.01675884466042784	1.0	1.0	2.0
35000	0.5854895157346933	0.004607245750768097	1.0	1.0	2.0
36000	1.8998563783430058	0.02131807924402088	1.0	1.0	2.0
37000	3.757286488814245	0.03891718867826586	1.0	1.0	2.0
38000	1.2048209335638302	0.020213601220227417	1.0	1.0	2.0
39000	2.8779218143807115	0.01428700239909327	1.0	1.0	2.0
40000	0.6208397628673059	0.014593203058942203	1.0	1.0	2.0
41000	1.4225146914043463	0.013919280606766733	1.0	1.0	2.0
42000	2.045921350520642	0.008655238157908978	1.0	1.0	2.0
43000	1.0793657554752398	0.015529821787182948	1.0	1.0	2.0
44000	0.2355145931359902	9.862956485614531E-4	1.0	1.0	2.0
45000	2.148361868517591	0.012860099284560332	1.0	1.0	2.0
46000	1.0874316114622733	0.00739472656413791	1.0	1.0	2.0
47000	2.347221538281749	2.9103401568393225E-4	1.0	1.0	2.0
48000	0.3666600029097417	1.4727389001364415E-4	1.0	1.0	2.0
49000	0.9995720521661431	0.03246875480123931	1.0	1.0	2.0
50000	1.9950322490302084	0.034169706442876924	1.0	1.0	2.0
51000	2.039968057231586	0.0010965798279302715	1.0	1.0	2.0
52000	0.8332080708732682	0.0038408824754832043	1.0	1.0	2.0
53000	3.0989772994061546	0.04843044364787038	1.0	1.0	2.0
54000	0.9274133091032687	0.012130818405530557	1.0	1.0	2.0
55000	3.216172320049656	0.03188584052380636	1.0	1.0	2.0
56000	3.3828030630411523	0.057431445771605354	1.0	1.0	2.0
57000	2.388544881261259	0.002442158283956576	1.0	1.0	2.0
58000	0.6231511715116929	0.009182289144888374	1.0	1.0	2.0
59000	1.109967549157776	0.00591153494579383	1.0	1.0	2.0
60000	1.2302600181639354	0.01824293693277529	1.0	1.0	2.0
61000	1.8101221385461403	0.04566826201590405	1.0	1.0	2.0
62000	2.097840515210501	0.04257292619345215	1.0	1.0	2.0
63000	5.211161716258895	0.0190073416583489	1.0	1.0	2.0
64000	1.3248935713204968	0.019255605091610596	1.0	1.0	2.0
65000	0.4868837627436162	0.0044892935799609795	1.0	1.0	2.0
66000	0.9599110345071253	0.023089198845297476	1.0	1.0	2.0
67000	2.2581125958514607	0.00890315897953471	1.0	1.0	2.0
68000	1.6322751970201095	0.014968318399915487	1.0	1.0	2.0
69000	0.7095171327776121	6.172768983473422E-4	1.0	1.0	2.0
70000	2.7118121218399645	0.031240197968932973	1.0	1.0	2.0
71000	0.30484592672184996	0.0017785527123420027	1.0	1.0	2.0
72000	1.0375551879640694	0.005239706969844522	1.0	1.0	2.0
73000	5.422120324843159	0.17282732441593457	1.0	1.0	2.0
74000	1.4717542695647121	0.002284941091278122	1.0	1.0	2.0
75000	0.7566891530286901	0.008715518783005598	1.0	1.0	2.0
76000	5.095031247401844	0.04198256052300968	1.0	1.0	2.0
77000	1.7848803373036157	4.9921731280041085E-5	1.0	1.0	2.0
78000	2.2745469926788418	0.05353017228213256	1.0	1.0	2.0
79000	1.6521394039497184	0.016287653655683753	1.0	1.0	2.0
80000	1.5408158983264781	0.01099990563379048	1.0	1.0	2.0
81000	1.9363217935095804	0.02692912981013723	1.0	1.0	2.0
82000	2.259348137631502	0.06183664329515038	1.0	1.0	2.0
83000	1.9200186594229836	0.019856109052124295	1.0	1.0	2.0
84000	0.8699413198314675	0.018388427667451846	1.0	1.0	2.0
85000	0.4516434736998348	0.0034222020909290274	1.0	1.0	2.0
86000	0.3841104920105667	6.438152978117814E-4	1.0	1.0	2.0
87000	0.49336559356949244	6.540330680719873E-4	1.0	1.0	2.0
88000	1.432068731279161	0.009269249188337027	1.0	1.0	2.0
89000	0.5023748140317247	0.005898164246301716	1.0	1.0	2.0
90000	2.2007725538607867	0.02139200506755624	1.0	1.0	2.0
91000	3.1924581043526845	0.008167357049577923	1.0	1.0	2.0
92000	2.6243127557977513	0.0033645413900687928	1.0	1.0	2.0
93000	1.1966314784639323	0.015984770846680242	1.0	1.0	2.0
94000	1.8148175391173487	0.01334091704587007	1.0	1.0	2.0
95000	0.5952003694090936	0.012720883318320745	1.0	1.0	2.0
96000	0.1892071371968295	0.002573365103414846	1.0	1.0	2.0
97000	1.8890561690988112	0.07065854995429068	1.0	1.0	2.0
98000	0.39815550018573537	0.008390924576728059	1.0	1.0	2.0
99000	1.7562803248932781	0.005861276309407137	1.0	1.0	2.0
100000	0.4101636435325685	0.003206337388637002	1.0	1.0	2.0
101000	0.49018242781122834	0.002682104173410336	1.0	1.0	2.0
102000	6.283605258639028	0.028808053616364744	1.0	1.0	2.0
103000	2.0218628470094004	0.00528393658408765	1.0	1.0	2.0
104000	1.0195073671128434	0.009630407479110677	1.0	1.0	2.0
105000	0.7104418188802882	0.011011854193085294	1.0	1.0	2.0
106000	3.5718451387695387	0.1276463941996776	1.0	1.0	2.0
107000	0.9280568508650889	0.0024013175931024925	1.0	1.0	2.0
108000	1.291672437267385	0.007932472523039118	1.0	1.0	2.0
109000	0.2881468585306033	0.002006765228259181	1.0	1.0	2.0
110000	0.16629152988597878	1.5778584504356474E-4	1.0	1.0	2.0
111000	0.24436067610439158	0.004071014669754609	1.0	1.0	2.0
112000	1.8898413316756895	9.072205964965174E-4	1.0	1.0	2.0
113000	0.6839007572041027	0.01424572653443142	1.0	1.0	2.0
114000	0.7116059976226593	0.020099010682063895	1.0	1.0	2.0
115000	0.9089216608930614	0.02137720329372936	1.0	1.0	2.0
116000	4.999012555303017	0.009264820292797831	1.0	1.0	2.0
117000	1.3069185474684162	9.966181881329533E-4	1.0	1.0	2.0
118000	1.1359872448479884	0.005146588642756058	1.0	1.0	2.0
119000	1.314549143201938	0.04584194005185414	1.0	1.0	2.0
120000	1.8012460969470379	0.004442372940035422	1.0	1.0	2.0
121000	0.5378972814945129	0.00462805799418051	1.0	1.0	2.0
122000	3.0665702511180353	0.0285275400481787	1.0	1.0	2.0
123000	2.358712559022125	0.0046251928666931905	1.0	1.0	2.0
124000	1.6264185942976623	0.0667992445870324	1.0	1.0	2.0
125000	1.6714243330686536	0.007609294107182585	1.0	1.0	2.0
126000	1.10448416666247	0.04067805036960499	1.0	1.0	2.0
127000	2.3242187079157466	0.010736000219896243	1.0	1.0	2.0
128000	1.5053959920412885	0.021044285338451	1.0	1.0	2.0
129000	2.100458693188655	0.011402444121447258	1.0	1.0	2.0
130000	0.7757354198081011	0.005142322703888358	1.0	1.0	2.0
131000	1.4378430507635973	0.055350475787114946	1.0	1.0	2.0
132000	0.5766078288253802	0.016606305651852008	1.0	1.0	2.0
133000	3.0649819550043698	0.014323072385367631	1.0	1.0	2.0
134000	0.8550503706285797	0.011268581100549927	1.0	1.0	2.0
135000	0.5953134768635562	9.685769203572916E-4	1.0	1.0	2.0
136000	2.00986534973119	0.02277023192250216	1.0	1.0	2.0
137000	1.7527125508098311	0.038298105173738425	1.0	1.0	2.0
138000	2.7282324426991784	0.02131818631098597	1.0	1.0	2.0
139000	0.34199635471038187	4.000101976220443E-4	1.0	1.0	2.0
140000	3.023077631742045	0.07222063802736504	1.0	1.0	2.0
141000	0.9311665699703356	0.007183898299849087	1.0	1.0	2.0
142000	1.4899915485804767	0.015564459953489658	1.0	1.0	2.0
143000	2.0221716768778935	0.006383555554783386	1.0	1.0	2.0
144000	0.5819174057855613	0.003121472146804095	1.0	1.0	2.0
145000	3.3669126888454306	0.1510209473900143	1.0	1.0	2.0
146000	0.2948089639717623	9.448951175944236E-4	1.0	1.0	2.0
147000	1.8241403872924051	0.01588416439418887	1.0	1.0	2.0
148000	1.0451168955822467	0.02802068119734472	1.0	1.0	2.0
149000	1.4699486673627067	0.029295666723319444	1.0	1.0	2.0
150000	1.1422644900143577	0.010135729785386793	1.0	1.0	2.0
151000	0.4225146846067593	0.0017874739746451536	1.0	1.0	2.0
152000	1.0884932330862043	9.273217615830031E-4	1.0	1.0	2.0
153000	0.13815952020815414	0.0018869358796428308	1.0	1.0	2.0
154000	3.013407755137557	0.10647373353221716	1.0	1.0	2.0
155000	2.777776500186425	0.01928239137560046	1.0	1.0	2.0
156000	2.9013406909548136	0.001403146864991726	1.0	1.0	2.0
157000	1.8395098897350255	0.015089555986262411	1.0	1.0	2.0
158000	0.6075032966782403	0.004269626435073539	1.0	1.0	2.0
159000	0.39948055756531176	0.0053045550123088725	1.0	1.0	2.0
160000	0.8822921891944148	0.03640598444526083	1.0	1.0	2.0
161000	0.259687695158091	0.002723139355132893	1.0	1.0	2.0
162000	0.9176306709526034	0.004991765254597591	1.0	1.0	2.0
163000	0.2761946980728848	0.01583418416359868	1.0	1.0	2.0
164000	0.7090037311966252	0.00461854143996219	1.0	1.0	2.0
165000	2.7900590525105318	0.01983601401967624	1.0	1.0	2.0
166000	2.269786136405013	0.04686819829670236	1.0	1.0	2.0
167000	0.8997621728416683	0.013797733517002283	1.0	1.0	2.0
168000	0.5267387750469579	0.02659491000880365	1.0	1.0	2.0
169000	0.3035922947436698	0.002446065714440584	1.0	1.0	2.0
170000	1.5363002254667848	0.01863241991331751	1.0	1.0	2.0
171000	0.43643238266075224	0.004635328895036704	1.0	1.0	2.0
172000	1.2745719092759678	0.016595515731301202	1.0	1.0	2.0
173000	2.148403969501279	0.004314800278573205	1.0	1.0	2.0
174000	1.3239906305262774	0.006812224240483835	1.0	1.0	2.0
175000	0.7602041526992183	0.015171683164312218	1.0	1.0	2.0
176000	2.4590928647499997	0.019168135481250435	1.0	1.0	2.0
177000	2.376786949662502	0.07289506463314395	1.0	1.0	2.0
178000	0.4718448065592053	0.001921038849603256	1.0	1.0	2.0
179000	1.0000552277024617	0.009134340091282825	1.0	1.0	2.0
180000	1.8090447944624624	0.004597037017816855	1.0	1.0	2.0
181000	1.4118605332456902	0.00415832086487756	1.0	1.0	2.0
182000	1.935878578687924	0.01429490821533391	1.0	1.0	2.0
183000	0.3232437491341035	0.005931515408473942	1.0	1.0	2.0
184000	1.6215114116731792	0.0031405331617936315	1.0	1.0	2.0
185000	2.0931592288878704	0.005350131362862284	1.0	1.0	2.0
186000	1.7018737579667271	0.0016404871739260356	1.0	1.0	2.0
187000	1.696652696675692	0.009392494205323057	1.0	1.0	2.0
188000	0.9788457685314624	0.004874383319181905	1.0	1.0	2.0
189000	3.503037442506279	0.005294178510961892	1.0	1.0	2.0
190000	0.6223302373604829	0.001388297425977266	1.0	1.0	2.0
191000	2.799680441738913	0.029469436026242843	1.0	1.0	2.0
192000	2.094864106826242	0.046508014574001506	1.0	1.0	2.0
193000	0.82693125793828	0.023231158749723424	1.0	1.0	2.0
194000	1.653033233120965	0.009546784176258993	1.0	1.0	2.0
195000	0.7173722129249979	0.0013195151623147374	1.0	1.0	2.0
196000	1.8758162777082268	0.008228837152984064	1.0	1.0	2.0
197000	1.3522914488076467	0.01675870746425501	1.0	1.0	2.0
198000	3.050220974434057	0.05241693303521801	1.0	1.0	2.0
199000	0.5930412784046106	0.021384907981154475	1.0	1.0	2.0
200000	1.058977391496709	0.004909416319925912	1.0	1.0	2.0
201000	1.6792437075786553	0.006216558578838311	1.0	1.0	2.0
202000	2.010919681279852	0.03125159714893991	1.0	1.0	2.0
203000	1.0980806003761547	0.010503478753843415	1.0	1.0	2.0
204000	1.0480333804627964	0.007666696453723417	1.0	1.0	2.0
205000	1.2800022548993717	0.007580682513424782	1.0	1.0	2.0
206000	0.1732502255823923	0.001330344772665362	1.0	1.0	2.0
207000	2.389701258766875	0.0568135614590609	1.0	1.0	2.0
208000	2.8784119181987693	0.011159596328944558	1.0	1.0	2.0
209000	0.9678062521722982	0.022546653139884437	1.0	1.0	2.0
210000	0.5949932909932037	0.0015995240818331483	1.0	1.0	2.0
211000	0.4650813528967138	0.0013521201061841629	1.0	1.0	2.0
212000	0.989644370448652	0.006731640891710955	1.0	1.0	2.0
213000	2.6000208148481696	0.03897106825446605	1.0	1.0	2.0
214000	2.5055027056609145	0.0022662967799154687	1.0	1.0	2.0
215000	3.5833503152908306	0.028971497404948608	1.0	1.0	2.0
216000	0.9483011487802475	0.0074420371964976795	1.0	1.0	2.0
217000	2.8853263030220972	0.005767273561075416	1.0	1.0	2.0
218000	2.9474909890113468	0.013314424416457608	1.0	1.0	2.0
219000	0.9023801822255213	0.020988661718445035	1.0	1.0	2.0
220000	1.4779610738867992	0.022159670904574283	1.0	1.0	2.0
221000	2.3739900120070723	0.0025727952065562843	1.0	1.0	2.0
222000	4.5046006084456724	8.749217816794472E-4	1.0	1.0	2.0
223000	1.610797418687068	0.01218647117244646	1.0	1.0	2.0
224000	0.23190836015332267	0.0022005637806585773	1.0	1.0	2.0
225000	1.9707278997516016	0.0067752031042440375	1.0	1.0	2.0
226000	1.2265398900722022	0.00886997884310576	1.0	1.0	2.0
227000	4.9944180233362605	0.030563294361487466	1.0	1.0	2.0
228000	5.491745816648749	0.09120783103914222	1.0	1.0	2.0
229000	2.4100746684916117	0.022677491159927465	1.0	1.0	2.0
230000	1.4449735380565332	0.0012531876804907222	1.0	1.0	2.0
231000	1.1574500454224745	3.4488121656329703E-4	1.0	1.0	2.0
232000	1.91699395791435	0.011797820137947885	1.0	1.0	2.0
233000	4.164443361835713	0.07168331330290992	1.0	1.0	2.0
234000	0.6568677564164904	0.0018536651838247614	1.0	1.0	2.0
235000	2.379323121151764	0.052409313913060224	1.0	1.0	2.0
236000	3.368759178781436	0.013446533243637036	1.0	1.0	2.0
237000	0.19245095705815535	5.724720592524281E-5	1.0	1.0	2.0
238000	2.16646027777498	0.006315224539877902	1.0	1.0	2.0
239000	1.1549677777581755	0.024772007148848897	1.0	1.0	2.0
240000	2.092603681814157	0.03734931569828315	1.0	1.0	2.0
241000	1.0004679068087543	0.02546623108106901	1.0	1.0	2.0
242000	3.9872479639087453	0.10525967323601193	1.0	1.0	2.0
243000	1.3065334201606194	0.016910647192513804	1.0	1.0	2.0
244000	2.0564768231440937	0.06975882169497914	1.0	1.0	2.0
245000	0.9278358464663948	0.025025668111379924	1.0	1.0	2.0
246000	2.450754675600149	0.013399871074969772	1.0	1.0	2.0
247000	1.3432980587050332	0.017537347408747822	1.0	1.0	2.0
248000	3.6018004746485817	0.12065207362443581	1.0	1.0	2.0
249000	1.025952814212869	0.001788093219747529	1.0	1.0	2.0
250000	1.0396902856566779	0.016354409428542615	1.0	1.0	2.0
251000	5.7246283412264765	0.03998157478045975	1.0	1.0	2.0
252000	2.996383194051168	0.02961950461208493	1.0	1.0	2.0
253000	3.607398172146027	0.04538314252796293	1.0	1.0	2.0
254000	1.426895020494319	0.008460277113765553	1.0	1.0	2.0
255000	0.2217393467627547	2.6952383504628844E-4	1.0	1.0	2.0
256000	1.8011240784864044	0.022031778260026728	1.0	1.0	2.0
257000	2.2548504496778117	0.01914165440277754	1.0	1.0	2.0
258000	3.7255916602421593	0.1317585858261066	1.0	1.0	2.0
259000	1.610173081252725	0.001091692060345654	1.0	1.0	2.0
260000	1.744884552374215	0.002568181690892342	1.0	1.0	2.0
261000	0.7038047012430603	0.005572339184207634	1.0	1.0	2.0
262000	0.5788080482486198	0.01798496493885877	1.0	1.0	2.0
263000	0.9432182726804307	0.010200950217650287	1.0	1.0	2.0
264000	1.07024121965071	0.00908089376476664	1.0	1.0	2.0
265000	0.9444775809595632	3.3175859136449744E-4	1.0	1.0	2.0
266000	1.7868366702040506	0.002884458542265343	1.0	1.0	2.0
267000	0.69720279375727	0.014215584764298413	1.0	1.0	2.0
268000	1.4748847038566173	0.03206796565287043	1.0	1.0	2.0
269000	0.4112191655393968	0.007293496314401338	1.0	1.0	2.0
270000	1.2141382952485713	0.03646645198312446	1.0	1.0	2.0
271000	1.0729492063515678	0.0306512296479578	1.0	1.0	2.0
272000	4.33738822138204	0.03891659954067402	1.0	1.0	2.0
273000	0.6350372757231514	0.002876376425007458	1.0	1.0	2.0
274000	0.669148232129835	0.012721520946987667	1.0	1.0	2.0
275000	1.0264506106195166	0.011264198080675613	1.0	1.0	2.0
276000	1.6781439278064973	0.051156989735983115	1.0	1.0	2.0
277000	1.5505499347505327	0.06133801396682153	1.0	1.0	2.0
278000	1.1247382817232459	0.005265684123694354	1.0	1.0	2.0
279000	2.5528832398253853	0.001888688869533732	1.0	1.0	2.0
280000	0.6791267299343633	0.0010997145203379428	1.0	1.0	2.0
281000	4.028648824863744	0.22343202219209735	1.0	1.0	2.0
282000	4.162294715228321	0.018706071252475517	1.0	1.0	2.0
283000	3.540164388896672	0.02896801050810905	1.0	1.0	2.0
284000	4.53996447431926	0.006485173619565024	1.0	1.0	2.0
285000	1.661594572223848	0.0055567191200085785	1.0	1.0	2.0
286000	3.3345299293083874	0.02999849058748863	1.0	1.0	2.0
287000	1.6069528914775926	0.006202608916057804	1.0	1.0	2.0
288000	1.0029301764230982	0.016844858439454595	1.0	1.0	2.0
289000	0.22612658462590238	0.0011072642355087435	1.0	1.0	2.0
290000	1.3909936503248828	0.023448530023911278	1.0	1.0	2.0
291000	3.392431262031665	0.006045749067714688	1.0	1.0	2.0
292000	2.5890422028823346	0.11191886590947094	1.0	1.0	2.0
293000	0.7878241336534912	0.006531772523526255	1.0	1.0	2.0
294000	5.701075137895194	0.04999953981961033	1.0	1.0	2.0
295000	0.5073312366172356	0.015180429219177064	1.0	1.0	2.0
296000	1.515547048349671	0.008610152977256707	1.0	1.0	2.0
297000	0.6388248485518797	0.00196120144578871	1.0	1.0	2.0
298000	2.708543494597537	0.028632083196869596	1.0	1.0	2.0
299000	1.4184961440213881	0.008955579049448464	1.0	1.0	2.0
300000	1.178132837713649	0.02326547931362781	1.0	1.0	2.0
301000	1.5450020344407136	0.009263246546098206	1.0	1.0	2.0
302000	1.9055179646330487	0.008849077641485912	1.0	1.0	2.0
303000	0.715945816127376	9.228068211219415E-4	1.0	1.0	2.0
304000	0.7881053804119252	0.003184743888506796	1.0	1.0	2.0
305000	0.2103942632175396	4.6123326708453566E-4	1.0	1.0	2.0
306000	4.497668448439408	0.017479879216103382	1.0	1.0	2.0
307000	3.10628207838854	0.023373016975287583	1.0	1.0	2.0
308000	1.111415949924039	0.01118189870314415	1.0	1.0	2.0
309000	2.0040728075983854	0.026599646643786445	1.0	1.0	2.0
310000	0.22511839977158044	1.351968281935131E-5	1.0	1.0	2.0
311000	1.7866639384799152	0.002298322553156168	1.0	1.0	2.0
312000	2.1415064608204673	0.010508150807610323	1.0	1.0	2.0
313000	3.348044725747579	0.026670731021678426	1.0	1.0	2.0
314000	1.1972477195680884	4.1786449936419273E-4	1.0	1.0	2.0
315000	2.604098781845033	0.014362948064777585	1.0	1.0	2.0
316000	0.6505300770318875	0.013996289865077978	1.0	1.0	2.0
317000	2.5919145689735044	0.010180708721889368	1.0	1.0	2.0
318000	2.423846258506163	0.03844841719266915	1.0	1.0	2.0
319000	2.0405405020459275	0.0217383940672106	1.0	1.0	2.0
320000	3.3975032781659875	0.019750274493889018	1.0	1.0	2.0
321000	2.0555340531833326	0.007448626885156107	1.0	1.0	2.0
322000	0.38777813645395265	0.002054823562965837	1.0	1.0	2.0
323000	1.8225998112760777	0.03828652520415677	1.0	1.0	2.0
324000	4.065219428034893	0.04476001726020689	1.0	1.0	2.0
325000	1.4457678136849754	0.0014657347436909858	1.0	1.0	2.0
326000	1.5946999040275394	0.008178461388374384	1.0	1.0	2.0
327000	1.5183005130954859	0.04470073405683079	1.0	1.0	2.0
328000	3.886636191789684	0.031576806514793554	1.0	1.0	2.0
329000	2.4880590112313405	8.005489468065486E-4	1.0	1.0	2.0
330000	2.080285590064922	0.039330324821499646	1.0	1.0	2.0
331000	1.3850160313379998	0.00584908663346901	1.0	1.0	2.0
332000	0.27136090977117033	1.346131001552258E-4	1.0	1.0	2.0
333000	1.3898053384145117	0.014945456218321277	1.0	1.0	2.0
334000	1.6124507487348563	0.016441555295408434	1.0	1.0	2.0
335000	1.8144813674289544	0.003932225755618163	1.0	1.0	2.0
336000	3.9074459898645535	0.07233933503018447	1.0	1.0	2.0
337000	3.1222939329786583	0.010739248547631228	1.0	1.0	2.0
338000	2.430064998607456	0.02291043498682807	1.0	1.0	2.0
339000	0.04435277965019762	2.279921712520983E-4	1.0	1.0	2.0
340000	3.360307754996486	0.06344965830856053	1.0	1.0	2.0
341000	0.3392667219913731	0.001591142080229468	1.0	1.0	2.0
342000	1.0487702095419638	2.2114450517778304E-4	1.0	1.0	2.0
343000	1.6851376307098762	0.06726634658006125	1.0	1.0	2.0
344000	0.7596327673726924	0.028534644191450124	1.0	1.0	2.0
345000	0.3770124585092319	0.0021404000239952812	1.0	1.0	2.0
346000	2.3965615876606554	5.819294801918608E-4	1.0	1.0	2.0
347000	1.0400454181071552	0.002243496289488762	1.0	1.0	2.0
348000	1.7979377063885436	0.018591999846503404	1.0	1.0	2.0
349000	0.9068970208247618	0.0013873753913813563	1.0	1.0	2.0
350000	0.9885885135500527	0.0017908034670434767	1.0	1.0	2.0
351000	0.3378255111011131	3.5217088282463905E-5	1.0	1.0	2.0
352000	3.7213281976219985	4.0602018851280264E-4	1.0	1.0	2.0
353000	1.8260168720900711	0.08447110094176541	1.0	1.0	2.0
354000	3.1569681720079945	0.16102267174895238	1.0	1.0	2.0
355000	1.4904880595778331	0.01622356942707467	1.0	1.0	2.0
356000	1.1554175653148306	0.02553294392906424	1.0	1.0	2.0
357000	2.215167200407837	0.09636204325427951	1.0	1.0	2.0
358000	0.7258001150579046	0.03746260679577479	1.0	1.0	2.0
359000	0.9865405162905654	0.027288389988847576	1.0	1.0	2.0
360000	1.0159344895765938	0.0019340453790649653	1.0	1.0	2.0
361000	6.5186619823564	0.00914246698163051	1.0	1.0	2.0
362000	4.46652700940588	0.195232954330797	1.0	1.0	2.0
363000	0.9961968607231052	0.002313860363147441	1.0	1.0	2.0
364000	2.0737967625793203	0.10395340750856316	1.0	1.0	2.0
365000	2.0752797344537606	0.024777620088744394	1.0	1.0	2.0
366000	2.2437247671915674	0.06709695195814007	1.0	1.0	2.0
367000	0.8216194766654669	0.0012597036144968363	1.0	1.0	2.0
368000	5.29166105555673	0.12305702979364166	1.0	1.0	2.0
369000	1.074423249983409	0.0024308146997339755	1.0	1.0	2.0
370000	1.5211133180505714	0.007050876569886823	1.0	1.0	2.0
371000	1.2325629447288118	0.028902343157649744	1.0	1.0	2.0
372000	2.099970633614379	0.043126215842837455	1.0	1.0	2.0
373000	4.443168596995646	0.012241630175590892	1.0	1.0	2.0
374000	4.277655795115779	0.20344412233059714	1.0	1.0	2.0
375000	2.08729448280697	0.03777613665009866	1.0	1.0	2.0
376000	0.8086385159041829	0.004925255705990966	1.0	1.0	2.0
377000	0.8183539934442223	3.320307136629181E-4	1.0	1.0	2.0
378000	0.6954191291444276	0.01081126649316241	1.0	1.0	2.0
379000	1.0301341434899365	0.016584652319480312	1.0	1.0	2.0
380000	1.1576253032150363	0.04682013697594611	1.0	1.0	2.0
381000	0.4366793849092807	0.0029982642025374044	1.0	1.0	2.0
382000	1.111071698844389	0.003388566242124402	1.0	1.0	2.0
383000	2.8022890172349	0.08677396543569862	1.0	1.0	2.0
384000	1.99511298428551	0.004969853139293765	1.0	1.0	2.0
385000	2.7989177109664336	0.09066930222610325	1.0	1.0	2.0
386000	1.7742161587369552	0.0012427769458983559	1.0	1.0	2.0
387000	2.6859597008642204	0.024474136794905836	1.0	1.0	2.0
388000	1.8720038234829923	0.005723668960415294	1.0	1.0	2.0
389000	1.4791427711842602	0.013352116627157708	1.0	1.0	2.0
390000	0.2718732337815637	4.7888240683593254E-4	1.0	1.0	2.0
391000	0.7383959928981638	0.007887848400578906	1.0	1.0	2.0
392000	0.47643842967176875	0.027412229845439763	1.0	1.0	2.0
393000	4.536851063433871	0.07735125476316977	1.0	1.0	2.0
394000	1.329420367113913	0.028726066411084623	1.0	1.0	2.0
395000	1.515430199381109	0.011569167382124865	1.0	1.0	2.0
396000	0.7253974451561092	0.004383418242442445	1.0	1.0	2.0
397000	1.0739337479861777	0.008746257920184117	1.0	1.0	2.0
398000	2.6911653341461084	0.019388990696224902	1.0	1.0	2.0
399000	0.7920707988514911	0.010216316503876144	1.0	1.0	2.0
400000	2.0959808747001096	0.05674295957791012	1.0	1.0	2.0
401000	0.9776751230807458	0.0033989240226399097	1.0	1.0	2.0
402000	2.5594073536478623	0.0015255245361336558	1.0	1.0	2.0
403000	1.1123748010113998	0.014868891284837147	1.0	1.0	2.0
404000	6.109333556800188	0.02145294669291722	1.0	1.0	2.0
405000	3.9995011835365086	0.015878124158488875	1.0	1.0	2.0
406000	0.841907773124894	0.006279332267184114	1.0	1.0	2.0
407000	2.4309370001481407	0.0351765812355735	1.0	1.0	2.0
408000	3.3139977397851847	6.481029425587686E-4	1.0	1.0	2.0
409000	1.5311226930589783	0.014372951137323633	1.0	1.0	2.0
410000	4.4598131315394856	0.07087488131320364	1.0	1.0	2.0
411000	1.0668920690815793	0.0029037197006033357	1.0	1.0	2.0
412000	1.3519711336366529	0.02093285891123492	1.0	1.0	2.0
413000	1.4747796873954329	0.01321608103392154	1.0	1.0	2.0
414000	4.015202158512211	0.02119550348712553	1.0	1.0	2.0
415000	0.8420380698900911	0.006561266995393784	1.0	1.0	2.0
416000	1.5234542520525864	0.0022751226521466176	1.0	1.0	2.0
417000	1.2330998839214549	0.020396364304088557	1.0	1.0	2.0
418000	2.151231258120364	0.10179867226803362	1.0	1.0	2.0
419000	1.7870882463886975	0.009613432872928105	1.0	1.0	2.0
420000	1.264799684803307	0.006458956401317862	1.0	1.0	2.0
421000	1.1361830421930337	0.04149923665389403	1.0	1.0	2.0
422000	2.2400950654907934	0.005181334760861033	1.0	1.0	2.0
423000	1.1255140658228635	0.01761012650829162	1.0	1.0	2.0
424000	1.4376474598538314	0.004145511093129886	1.0	1.0	2.0
425000	0.9211856384722144	0.0051696047412184065	1.0	1.0	2.0
426000	0.36953277786427463	0.002546367545060726	1.0	1.0	2.0
427000	0.18834530175793532	2.9197537001451695E-4	1.0	1.0	2.0
428000	0.904279536087172	0.062377079134570364	1.0	1.0	2.0
429000	0.8231329032634295	0.0041506574561956285	1.0	1.0	2.0
430000	2.0559315516022383	0.020184200190439157	1.0	1.0	2.0
431000	0.7459690773360577	0.004423950298506492	1.0	1.0	2.0
432000	0.17639538698514762	8.025060764840061E-4	1.0	1.0	2.0
433000	2.1756821102098716	0.09120531141534965	1.0	1.0	2.0
434000	1.1517371246182757	0.020768609542290064	1.0	1.0	2.0
435000	1.5420262761099242	0.0062058351245084095	1.0	1.0	2.0
436000	3.8028260696879523	0.02223704430617406	1.0	1.0	2.0
437000	0.7403419323009898	0.023767857273827155	1.0	1.0	2.0
438000	0.6559724580435935	0.0013873071772675576	1.0	1.0	2.0
439000	1.6219506319702737	0.029071710361460647	1.0	1.0	2.0
440000	0.8268531381562866	0.0177245151791151	1.0	1.0	2.0
441000	0.4998136902997814	0.003341950490855785	1.0	1.0	2.0
442000	0.7599110144848412	6.99740705084445E-4	1.0	1.0	2.0
443000	2.498793348196718	0.004238978554174604	1.0	1.0	2.0
444000	0.5097863915375854	0.004453311801303022	1.0	1.0	2.0
445000	1.69377649737601	0.006005239661894283	1.0	1.0	2.0
446000	1.759340243269094	0.07919451674571873	1.0	1.0	2.0
447000	1.1812803502204456	0.047118521047810905	1.0	1.0	2.0
448000	1.1055676063368822	7.016744673501956E-5	1.0	1.0	2.0
449000	0.5513822395899902	0.009366873293591427	1.0	1.0	2.0
450000	2.47361592373047	0.004460614602625049	1.0	1.0	2.0
451000	3.157371970237315	0.0045904320459836025	1.0	1.0	2.0
452000	3.8153684086768376	0.08969925146156048	1.0	1.0	2.0
453000	2.273386304723797	0.01930967438603722	1.0	1.0	2.0
454000	2.1459891260723585	5.931773036759145E-4	1.0	1.0	2.0
455000	0.6428324868334427	0.011973445639646215	1.0	1.0	2.0
456000	1.0052509768858904	0.021757667979515553	1.0	1.0	2.0
457000	3.418505674210695	0.01821490483146059	1.0	1.0	2.0
458000	1.1236417400662537	0.008032250957790036	1.0	1.0	2.0
459000	1.9178785209024625	0.020585523258946043	1.0	1.0	2.0
460000	2.623380297782669	0.05705565220300806	1.0	1.0	2.0
461000	1.4713374021848185	0.03443198387888359	1.0	1.0	2.0
462000	1.2547230802550997	0.024417703648283037	1.0	1.0	2.0
463000	0.7268483476005516	0.018263370149185793	1.0	1.0	2.0
464000	3.2016936026728313	0.04978340158266416	1.0	1.0	2.0
465000	0.3367066727224763	0.0029983511471702337	1.0	1.0	2.0
466000	1.6182349458653373	0.03584400337194073	1.0	1.0	2.0
467000	0.47281200265274026	0.010606296861344436	1.0	1.0	2.0
468000	6.855825581562434	0.035315580696901674	1.0	1.0	2.0
469000	2.76615576910897	0.05713255288698088	1.0	1.0	2.0
470000	0.7569071585760961	4.411609673252648E-4	1.0	1.0	2.0
471000	2.0610458874990507	0.004095720801683628	1.0	1.0	2.0
472000	1.1428374546629654	0.012008372351960265	1.0	1.0	2.0
473000	2.1313604318412667	0.006226137545713102	1.0	1.0	2.0
474000	2.25329535236289	0.05473863238817902	1.0	1.0	2.0
475000	1.2824622673333876	0.003133420588376974	1.0	1.0	2.0
476000	1.101382401634303	0.023682563987263067	1.0	1.0	2.0
477000	1.2192174554527158	0.049230881104049176	1.0	1.0	2.0
478000	1.205590644903847	0.010422082792971034	1.0	1.0	2.0
479000	1.0286970389058319	0.01368604936421819	1.0	1.0	2.0
480000	2.8018604295400107	0.02330497148384089	1.0	1.0	2.0
481000	3.6741674518848138	0.008571114039664405	1.0	1.0	2.0
482000	1.3429849657470891	0.0027704942770986466	1.0	1.0	2.0
483000	0.9193334987487551	0.0037394754858891877	1.0	1.0	2.0
484000	3.907110248818609	0.028389158272355344	1.0	1.0	2.0
485000	1.350402493002403	0.016578708902463716	1.0	1.0	2.0
486000	0.1680823633343067	3.818392914441603E-5	1.0	1.0	2.0
487000	2.757482216307566	0.01683986244091399	1.0	1.0	2.0
488000	1.4913475344340426	0.008149408179438888	1.0	1.0	2.0
489000	3.6984150568294374	0.004264752103047158	1.0	1.0	2.0
490000	1.4722837009181908	0.02771479439605965	1.0	1.0	2.0
491000	1.1116620721553485	0.00479417263411689	1.0	1.0	2.0
492000	1.2348440630478335	2.6163413632306244E-4	1.0	1.0	2.0
493000	4.537742916270686	0.14020193575349044	1.0	1.0	2.0
494000	1.9475035667475717	0.07142857520400814	1.0	1.0	2.0
495000	0.5730962259758519	0.0018154403360875274	1.0	1.0	2.0
496000	2.884849756175478	0.04274255492042386	1.0	1.0	2.0
497000	0.9370670565275521	5.499421175266688E-4	1.0	1.0	2.0
498000	2.634716088073893	0.04121904217815324	1.0	1.0	2.0
499000	0.5280128177377703	0.006235732716095214	1.0	1.0	2.0
500000	1.7599820447347763	0.016976286890276943	1.0	1.0	2.0
501000	0.33056139634494663	0.012390270199042696	1.0	1.0	2.0
502000	1.039066338786655	0.06824827262184342	1.0	1.0	2.0
503000	0.7811502360887951	0.0032170911254485067	1.0	1.0	2.0
504000	1.4797441238691926	0.0510856789496941	1.0	1.0	2.0
505000	2.481372554381627	0.06261350810781133	1.0	1.0	2.0
506000	2.161858241490891	0.04738369661600293	1.0	1.0	2.0
507000	2.204095080783686	0.0049546283692035375	1.0	1.0	2.0
508000	1.1888050628833624	3.3566884930520793E-4	1.0	1.0	2.0
509000	1.8703266823415718	0.016063134630157107	1.0	1.0	2.0
510000	2.5274209801172836	5.194971561693084E-4	1.0	1.0	2.0
511000	1.8897461887563654	0.019893046209467292	1.0	1.0	2.0
512000	4.612523929858417	0.03944511357757341	1.0	1.0	2.0
513000	1.5406896608851217	0.014646658379963316	1.0	1.0	2.0
514000	2.0902885476808044	0.04793516108149857	1.0	1.0	2.0
515000	1.8427627608397426	0.012135378121662975	1.0	1.0	2.0
516000	0.1623887077662297	9.548567668144826E-4	1.0	1.0	2.0
517000	0.6758871698298639	0.005325326486832969	1.0	1.0	2.0
518000	1.7208451309172725	0.003050939928709547	1.0	1.0	2.0
519000	1.4266292239090226	0.0012130559735341437	1.0	1.0	2.0
520000	2.5315512732935366	0.07222516984417966	1.0	1.0	2.0
521000	0.9354353200694883	0.004848043833322904	1.0	1.0	2.0
522000	2.080197620722682	0.010727321337006525	1.0	1.0	2.0
523000	3.501072005353748	0.022712261850868058	1.0	1.0	2.0
524000	3.817320782115867	0.019851251495754157	1.0	1.0	2.0
525000	0.07686081798557522	0.0044366399455114825	1.0	1.0	2.0
526000	1.3069955686359318	0.02531382758717859	1.0	1.0	2.0
527000	6.407814929204446	0.08426801639686451	1.0	1.0	2.0
528000	2.145724379117305	0.003243271586032043	1.0	1.0	2.0
529000	1.6669867328451586	0.001609153218278207	1.0	1.0	2.0
530000	1.0881284759093917	8.918725779969758E-4	1.0	1.0	2.0
531000	2.752797543075269	0.03475299242766971	1.0	1.0	2.0
532000	1.2450280825269584	0.0027504992257822796	1.0	1.0	2.0
533000	2.776130748089159	0.001454126200790771	1.0	1.0	2.0
534000	3.0331891448760535	0.007596952194447414	1.0	1.0	2.0
535000	1.9204238788749144	0.014469701727919705	1.0	1.0	2.0
536000	0.37795630757865173	0.004375457627525177	1.0	1.0	2.0
537000	3.9588015135658967	0.05981039858012926	1.0	1.0	2.0
538000	0.4831593410188459	3.956702602024457E-4	1.0	1.0	2.0
539000	3.286884330452736	0.024581347360718833	1.0	1.0	2.0
540000	2.10082635053259	0.03679369252694491	1.0	1.0	2.0
541000	5.632835026003009	0.07323316589353733	1.0	1.0	2.0
542000	2.830337579522543	0.01864867688470623	1.0	1.0	2.0
543000	1.33826298852182	4.826687222953758E-4	1.0	1.0	2.0
544000	2.570303501385714	0.008058619447792478	1.0	1.0	2.0
545000	1.5573709528757096	0.0497144297503933	1.0	1.0	2.0
546000	1.9119235372267187	0.03336807256607487	1.0	1.0	2.0
547000	0.9871853899878245	0.005750957408672153	1.0	1.0	2.0
548000	1.4202970065835268	0.019800312231558474	1.0	1.0	2.0
549000	6.124798604267452	0.030467648906572997	1.0	1.0	2.0
550000	2.143003236581361	0.00515608348056209	1.0	1.0	2.0
551000	1.960616913797409	0.0345163201108548	1.0	1.0	2.0
552000	0.20713778882719172	0.008230611865203541	1.0	1.0	2.0
553000	4.07601954505535	0.037676374755999074	1.0	1.0	2.0
554000	2.8951884625345263	0.014934974777777596	1.0	1.0	2.0
555000	2.7891671999708705	0.11905273640141911	1.0	1.0	2.0
556000	2.964046357023463	0.057272399903964835	1.0	1.0	2.0
557000	2.4595041026607247	0.03158173020397146	1.0	1.0	2.0
558000	3.9992733016794113	0.015927141859588875	1.0	1.0	2.0
559000	0.25324202740202506	0.001620751402759548	1.0	1.0	2.0
560000	2.8067881439166933	0.04726204530184589	1.0	1.0	2.0
561000	1.3501300563453627	0.028858202356073597	1.0	1.0	2.0
562000	1.2128012085284614	7.785292734339452E-6	1.0	1.0	2.0
563000	1.8258971882484947	0.010395646290497173	1.0	1.0	2.0
564000	2.871263072579052	0.07895267322264181	1.0	1.0	2.0
565000	2.633530838871425	0.00953374410236269	1.0	1.0	2.0
566000	0.9755382178877756	0.004358301720927733	1.0	1.0	2.0
567000	4.737501165104647	0.04679611086937501	1.0	1.0	2.0
568000	2.8723743213358905	0.049674450029300515	1.0	1.0	2.0
569000	2.0043190875521004	0.042172407263059236	1.0	1.0	2.0
570000	3.7218059494724534	0.09353032074075793	1.0	1.0	2.0
571000	1.0900758036307514	0.006251781171447618	1.0	1.0	2.0
572000	5.608542873466178	0.06846348547715943	1.0	1.0	2.0
573000	3.641235809502414	0.06589961504733291	1.0	1.0	2.0
574000	1.2733520601389394	0.008656994317095714	1.0	1.0	2.0
575000	4.421558069868733	0.08298658242944851	1.0	1.0	2.0
576000	0.25587489422473614	0.005757522497925349	1.0	1.0	2.0
577000	1.0468871475460886	0.010410220624711844	1.0	1.0	2.0
578000	0.6146625467827358	0.006458672189772222	1.0	1.0	2.0
579000	0.9318641044184512	0.0010678430796061977	1.0	1.0	2.0
580000	4.008731708550909	0.04026203781618515	1.0	1.0	2.0
581000	2.0473924576261986	0.04245588210183494	1.0	1.0	2.0
582000	2.0805313978895446	0.013059308599524415	1.0	1.0	2.0
583000	3.31162176533533	0.0050854053420245375	1.0	1.0	2.0
584000	2.378693211340444	0.02790832022866342	1.0	1.0	2.0
585000	0.324965053060185	0.010207147509958443	1.0	1.0	2.0
586000	0.6005544941389958	0.005947062648449415	1.0	1.0	2.0
587000	4.488073972295829	0.008612169288759894	1.0	1.0	2.0
588000	4.479191769925179	0.056067123755467456	1.0	1.0	2.0
589000	1.5670080389343861	0.004689861449670782	1.0	1.0	2.0
590000	4.814045336882972	0.11967291040970823	1.0	1.0	2.0
591000	0.902480107960893	3.090935036313083E-4	1.0	1.0	2.0
592000	1.816939733941632	0.028580771464151406	1.0	1.0	2.0
593000	1.457478269133539	0.003228931304764021	1.0	1.0	2.0
594000	2.4067685505193626	3.0122911067371E-4	1.0	1.0	2.0
595000	1.7829902420125097	0.04183350284470157	1.0	1.0	2.0
596000	1.7803220284627754	0.01072970843292468	1.0	1.0	2.0
597000	3.5310709793199044	0.0026073087955031057	1.0	1.0	2.0
598000	1.6979330203108092	0.004762080123917584	1.0	1.0	2.0
599000	1.7015960616588979	0.005272824793065245	1.0	1.0	2.0
600000	1.420251949392729	9.85322687570347E-4	1.0	1.0	2.0
601000	1.121246636374103	0.025659801612172038	1.0	1.0	2.0
602000	0.7969007395519	0.017905254096412547	1.0	1.0	2.0
603000	0.783913119165281	0.006738815366984956	1.0	1.0	2.0
604000	3.0151236271103627	0.04614639274364818	1.0	1.0	2.0
605000	0.9917906568236571	0.005406577214624672	1.0	1.0	2.0
606000	0.22484796820554245	0.003190220107470397	1.0	1.0	2.0
607000	1.980612360294784	0.04722532008853553	1.0	1.0	2.0
608000	2.0841673109435557	0.05911100542041199	1.0	1.0	2.0
609000	0.8871451240269623	0.02026413988578336	1.0	1.0	2.0
610000	1.541616027798387	0.014464501369343475	1.0	1.0	2.0
611000	1.3355585349908503	0.007283067235017932	1.0	1.0	2.0
612000	4.32125452827076	0.05045174555236773	1.0	1.0	2.0
613000	1.7341816323744434	0.012345485406901323	1.0	1.0	2.0
614000	1.8559535157463274	0.0017566113149691098	1.0	1.0	2.0
615000	1.9247917944647608	0.02287499150258605	1.0	1.0	2.0
616000	1.7921888323560102	0.012694461359291169	1.0	1.0	2.0
617000	2.313284660216792	0.005069852270676118	1.0	1.0	2.0
618000	1.2768604925601674	0.00572764794720382	1.0	1.0	2.0
619000	1.4738590011407822	0.01094092789896415	1.0	1.0	2.0
620000	1.0979889430328413	0.004051409164685862	1.0	1.0	2.0
621000	4.147529335124208	0.04611042652730447	1.0	1.0	2.0
622000	0.33611541217530155	0.006745717197283455	1.0	1.0	2.0
623000	1.3122718081851101	0.006648622724024954	1.0	1.0	2.0
624000	4.983485232035258	0.042862144529489804	1.0	1.0	2.0
625000	1.8893161492630473	0.054149246036325115	1.0	1.0	2.0
626000	3.2924513279335224	0.07151442657547641	1.0	1.0	2.0
627000	2.8752939774728485	0.001090464731226869	1.0	1.0	2.0
628000	1.7869059651424273	0.058666007722166354	1.0	1.0	2.0
629000	0.6641290148184057	0.015029855461146284	1.0	1.0	2.0
630000	1.563290798106049	5.570454392684195E-4	1.0	1.0	2.0
631000	3.6242784686618323	0.009002911583738732	1.0	1.0	2.0
632000	1.9017318649484976	0.0016332681040084566	1.0	1.0	2.0
633000	6.278498951805441	0.06069093260967702	1.0	1.0	2.0
634000	0.4157727754778236	0.0024005772085972377	1.0	1.0	2.0
635000	3.2145622700155125	0.04069820029385076	1.0	1.0	2.0
636000	0.25495312237397116	0.004471272484169718	1.0	1.0	2.0
637000	1.589351275125224	0.008559995717293203	1.0	1.0	2.0
638000	1.138229164760076	0.00478904922955287	1.0	1.0	2.0
639000	0.36835649281301275	1.741916787979081E-4	1.0	1.0	2.0
640000	2.055855358182914	0.003833459010718959	1.0	1.0	2.0
641000	1.6346966717900646	0.028082765617984472	1.0	1.0	2.0
642000	1.143926592479462	0.005336725406491486	1.0	1.0	2.0
643000	2.909864005298786	0.03298954784996084	1.0	1.0	2.0
644000	2.0969721363697387	0.05306802377413344	1.0	1.0	2.0
645000	1.0761744062395053	0.015573438202238356	1.0	1.0	2.0
646000	0.2173408321961303	0.003648161085410146	1.0	1.0	2.0
647000	2.546234638620382	0.005234312873567536	1.0	1.0	2.0
648000	2.6167255940475664	0.0373206861580435	1.0	1.0	2.0
649000	2.9507376494188575	0.037633897495920755	1.0	1.0	2.0
650000	0.8983924326033185	0.011244864521154661	1.0	1.0	2.0
651000	0.9432853603423794	8.400535027956938E-5	1.0	1.0	2.0
652000	1.5592643312104564	0.01573696885284963	1.0	1.0	2.0
653000	1.645891501690064	0.025501465924616697	1.0	1.0	2.0
654000	2.3872156212903537	0.08304757614555017	1.0	1.0	2.0
655000	2.8734001707690155	0.033071663229543934	1.0	1.0	2.0
656000	2.5953399390392775	0.06094253595618579	1.0	1.0	2.0
657000	2.194491798466028	0.006491708571383819	1.0	1.0	2.0
658000	0.6821646126314617	0.0033768833835179837	1.0	1.0	2.0
659000	1.8464765440013848	0.01748181888984674	1.0	1.0	2.0
660000	1.2817910659794658	0.013655739705801782	1.0	1.0	2.0
661000	1.8789321638572112	0.05697204633425039	1.0	1.0	2.0
662000	0.7274886865469724	0.005431983023713702	1.0	1.0	2.0
663000	1.7561527740056286	0.0019008958694669033	1.0	1.0	2.0
664000	1.2400517589769287	0.06936049625446146	1.0	1.0	2.0
665000	0.08430115495749388	2.7846658938205493E-4	1.0	1.0	2.0
666000	0.9813426562342037	8.396577779894533E-4	1.0	1.0	2.0
667000	2.586451271650188	0.010881021671711606	1.0	1.0	2.0
668000	1.3846178487935166	0.01871628861537931	1.0	1.0	2.0
669000	1.5088508933778197	0.005368342643600128	1.0	1.0	2.0
670000	0.208813409092276	0.0031558505126650757	1.0	1.0	2.0
671000	6.751153834025544	0.10830950261699011	1.0	1.0	2.0
672000	2.1055169575408	1.357750649908904E-4	1.0	1.0	2.0
673000	5.4804704247906635	0.25568266875144063	1.0	1.0	2.0
674000	1.4460063341547058	0.006790828273500289	1.0	1.0	2.0
675000	0.32705533280998333	0.0018001817675583492	1.0	1.0	2.0
676000	1.838421872199115	0.003485446705993076	1.0	1.0	2.0
677000	0.822266845470341	0.0074769873992968925	1.0	1.0	2.0
678000	1.5532781957406985	0.05174564207861996	1.0	1.0	2.0
679000	2.0795087748429077	0.0051431761875026984	1.0	1.0	2.0
680000	3.7666650925044953	0.029982768688211394	1.0	1.0	2.0
681000	0.8643147094752752	6.656567228446637E-4	1.0	1.0	2.0
682000	1.6976984828536845	0.011515675563383947	1.0	1.0	2.0
683000	0.9281178389290882	0.00514022080176344	1.0	1.0	2.0
684000	0.39470991667060495	0.006353053193270648	1.0	1.0	2.0
685000	8.753644061445305	0.23394339574453177	1.0	1.0	2.0
686000	0.8235507871950631	0.04959358267175503	1.0	1.0	2.0
687000	1.8851005984777407	0.013740865614023552	1.0	1.0	2.0
688000	0.37893395627358606	1.4001391202458276E-4	1.0	1.0	2.0
689000	1.7184730188123745	0.03377816495125365	1.0	1.0	2.0
690000	0.6410477539402202	0.03144623448916277	1.0	1.0	2.0
691000	1.1311796855589136	0.021549137011029184	1.0	1.0	2.0
692000	1.8019915727740163	0.014326086436214365	1.0	1.0	2.0
693000	3.562351102282257	0.010830262646632142	1.0	1.0	2.0
694000	0.8782293535424119	0.008623213383480597	1.0	1.0	2.0
695000	2.052027622136164	0.056313482878509735	1.0	1.0	2.0
696000	2.7064759509141587	0.004237595031998623	1.0	1.0	2.0
697000	1.6436127685889736	0.0019838535339128556	1.0	1.0	2.0
698000	2.4699798383526814	0.009598025969447664	1.0	1.0	2.0
699000	3.1150627504811297	0.02105420766102277	1.0	1.0	2.0
700000	1.247819645344463	0.007942920423723484	1.0	1.0	2.0
701000	1.4858226814620306	0.01472294761227551	1.0	1.0	2.0
702000	1.2353144521695805	0.02267711701747075	1.0	1.0	2.0
703000	1.7540801240245572	0.011245030842606883	1.0	1.0	2.0
704000	2.0428064963468753	0.0256776121355073	1.0	1.0	2.0
705000	2.8993504537313095	0.03699091847380064	1.0	1.0	2.0
706000	3.983145982611962	0.05415806276906588	1.0	1.0	2.0
707000	7.357457086749079	0.2274031225947328	1.0	1.0	2.0
708000	0.09971957695004932	3.1239157676671514E-4	1.0	1.0	2.0
709000	1.1789980927401895	0.014802330140295744	1.0	1.0	2.0
710000	1.2852735382028617	0.021602015988756898	1.0	1.0	2.0
711000	0.4366735771610392	0.009537163553542572	1.0	1.0	2.0
712000	0.6790235510927289	0.024969086169757078	1.0	1.0	2.0
713000	3.086609479491399	0.0419009227933389	1.0	1.0	2.0
714000	3.491172770173077	0.052339972459227245	1.0	1.0	2.0
715000	1.913495303020517	0.018949991054602742	1.0	1.0	2.0
716000	0.7121187368692737	0.0036839942372837117	1.0	1.0	2.0
717000	0.6187068349761232	9.406981481798217E-4	1.0	1.0	2.0
718000	0.8685809075022959	0.02094372420978979	1.0	1.0	2.0
719000	0.8694484603833722	0.007820224049200462	1.0	1.0	2.0
720000	1.928289424691114	0.013926766249151321	1.0	1.0	2.0
721000	5.098492538784688	0.006949332762896832	1.0	1.0	2.0
722000	1.9458091915936668	0.02638586669004471	1.0	1.0	2.0
723000	1.7722723452975522	0.015056102641096213	1.0	1.0	2.0
724000	1.4357231633623746	0.026937349952998613	1.0	1.0	2.0
725000	3.2762542329370743	0.14468957490216108	1.0	1.0	2.0
726000	3.2541010726072446	0.017128761441457408	1.0	1.0	2.0
727000	0.3313057821361127	0.004869495103099742	1.0	1.0	2.0
728000	1.1501276420200413	5.284779229206315E-5	1.0	1.0	2.0
729000	3.8408342411793504	0.015185058398349924	1.0	1.0	2.0
730000	1.7776993449714518	0.004949218253014023	1.0	1.0	2.0
731000	2.481016229435116	0.04463099523154085	1.0	1.0	2.0
732000	1.509135841432128	0.026674101338911415	1.0	1.0	2.0
733000	1.2183613412909735	0.0037919767442785757	1.0	1.0	2.0
734000	2.1812021060405624	0.0871409975299338	1.0	1.0	2.0
735000	4.379779554653207	0.06977332094128096	1.0	1.0	2.0
736000	0.8783547003685984	0.006271806866501592	1.0	1.0	2.0
737000	3.8920625210109465	0.005413099761773779	1.0	1.0	2.0
738000	2.505831734262526	0.11742066404210358	1.0	1.0	2.0
739000	2.0210582609430814	0.005476503672219462	1.0	1.0	2.0
740000	1.6506471406688756	0.0015834524802762256	1.0	1.0	2.0
741000	3.211932653298985	0.15098479752724936	1.0	1.0	2.0
742000	5.0054952659778	0.053825703689783004	1.0	1.0	2.0
743000	1.4176475851846826	0.022541733580898376	1.0	1.0	2.0
744000	2.9521513683774603	0.05008553786575641	1.0	1.0	2.0
745000	3.9257625566167076	0.03010776959993907	1.0	1.0	2.0
746000	2.453348349535266	0.009734680822969766	1.0	1.0	2.0
747000	1.525486042591728	0.016597882129821655	1.0	1.0	2.0
748000	2.24207848586348	0.036381771671978605	1.0	1.0	2.0
749000	2.546894694175168	0.012997628821612534	1.0	1.0	2.0
750000	5.470088635535573	0.01828715357674378	1.0	1.0	2.0
751000	2.249558842999046	0.023140995903905944	1.0	1.0	2.0
752000	0.9520861511310602	0.059415260396199446	1.0	1.0	2.0
753000	2.4077429405714974	0.028259938237162253	1.0	1.0	2.0
754000	4.1047562923214045	0.007790960745087981	1.0	1.0	2.0
755000	2.5902146926493406	0.02198045353384331	1.0	1.0	2.0
756000	1.8920530220175997	0.001678204318929071	1.0	1.0	2.0
757000	2.590762245623059	0.039156301485237556	1.0	1.0	2.0
758000	0.6106257926218409	0.0069495040302459225	1.0	1.0	2.0
759000	0.3153002172405188	0.007223375558487495	1.0	1.0	2.0
760000	3.238143498721832	0.029363309436538886	1.0	1.0	2.0
761000	2.396872121486338	0.09675449497563647	1.0	1.0	2.0
762000	5.1581675578273165	0.005579644280230718	1.0	1.0	2.0
763000	4.32046469758324	0.018573044019716396	1.0	1.0	2.0
764000	1.024489421450981	0.0015035851592908002	1.0	1.0	2.0
765000	3.879908930320956	0.08846651041260169	1.0	1.0	2.0
766000	1.8404216120356138	0.013857574108944823	1.0	1.0	2.0
767000	0.43052553667035687	0.006376097109935466	1.0	1.0	2.0
768000	0.5383182910412166	0.00927016473313877	1.0	1.0	2.0
769000	4.621018160644256	0.07891193619212605	1.0	1.0	2.0
770000	4.470118805821543	0.08511296122765702	1.0	1.0	2.0
771000	1.4950754050547266	0.055391340184249925	1.0	1.0	2.0
772000	0.6539854965550047	0.01389749278767889	1.0	1.0	2.0
773000	1.3199166237456812	0.0023923663531943487	1.0	1.0	2.0
774000	1.3283482733653413	0.01028944442883785	1.0	1.0	2.0
775000	1.4264710651636678	3.421022519482536E-4	1.0	1.0	2.0
776000	1.7153233532328211	0.008388885808879459	1.0	1.0	2.0
777000	2.3401409019099337	0.1156700797171426	1.0	1.0	2.0
778000	0.88082847450213	0.0019142928821895432	1.0	1.0	2.0
779000	3.605340601857432	0.00624475261147295	1.0	1.0	2.0
780000	0.9937660504753072	0.012182321313259737	1.0	1.0	2.0
781000	2.2011627501742095	0.001083200526295657	1.0	1.0	2.0
782000	1.8186175021367603	0.003943631766636332	1.0	1.0	2.0
783000	0.4304991555308361	0.009467056478664328	1.0	1.0	2.0
784000	0.4334814310684337	0.0020530395131386023	1.0	1.0	2.0
785000	2.0615392562228894	0.013381022673062652	1.0	1.0	2.0
786000	0.6928112108948842	0.01697601526709515	1.0	1.0	2.0
787000	0.6518395995283854	0.013488784856086799	1.0	1.0	2.0
788000	1.0487251706300975	0.0074457848412869815	1.0	1.0	2.0
789000	1.6964755330648	0.07451259917947657	1.0	1.0	2.0
790000	0.9590164424696546	0.009179544786497934	1.0	1.0	2.0
791000	3.3558464518106885	0.03621112463711561	1.0	1.0	2.0
792000	3.4363688875500733	0.06849436822445217	1.0	1.0	2.0
793000	2.3186207244323787	0.05474633475578763	1.0	1.0	2.0
794000	2.7462013301101336	0.07703373945566767	1.0	1.0	2.0
795000	3.7303938537513637	0.01970486751134155	1.0	1.0	2.0
796000	2.275427171319456	0.007937794804944016	1.0	1.0	2.0
797000	1.4393510840472965	0.009542300728019426	1.0	1.0	2.0
798000	0.9103185668164332	0.006700550711878212	1.0	1.0	2.0
799000	3.4167970502843787	0.01581379281035627	1.0	1.0	2.0
800000	1.0853734138281725	0.018514648398730023	1.0	1.0	2.0
801000	0.18756334068956299	0.010227164472649767	1.0	1.0	2.0
802000	1.6416581192735074	0.01326500594995239	1.0	1.0	2.0
803000	1.0888816468652813	0.01382767416111144	1.0	1.0	2.0
804000	2.996062432215108	0.01856385145843306	1.0	1.0	2.0
805000	0.39607890837843934	2.0489325585421506E-4	1.0	1.0	2.0
806000	1.1333714186263268	0.003448102662231852	1.0	1.0	2.0
807000	2.070447323379007	0.058629022983028925	1.0	1.0	2.0
808000	2.026861410001359	0.0038165526018009406	1.0	1.0	2.0
809000	2.022760690320988	0.010780391771839917	1.0	1.0	2.0
810000	1.3037957943552416	0.016254508189003637	1.0	1.0	2.0
811000	3.8757776586043287	0.1286691798437396	1.0	1.0	2.0
812000	1.6484426064087105	0.02797879861103846	1.0	1.0	2.0
813000	2.2210128796915396	0.042256358492067346	1.0	1.0	2.0
814000	2.628786547418639	0.007852974020456902	1.0	1.0	2.0
815000	5.125281965784585	0.06793662389201789	1.0	1.0	2.0
816000	3.6224751224674128	0.010365453758575139	1.0	1.0	2.0
817000	4.583096030559531	0.03498300540312966	1.0	1.0	2.0
818000	1.9636310544403313	0.014224023444923179	1.0	1.0	2.0
819000	0.7037487397794937	0.002338819369706567	1.0	1.0	2.0
820000	1.4740129251757272	0.0366832382049509	1.0	1.0	2.0
821000	2.2567000730241924	0.01748520736397751	1.0	1.0	2.0
822000	5.549847967808381	0.17309146429903424	1.0	1.0	2.0
823000	1.7280791992854858	0.03823584737054575	1.0	1.0	2.0
824000	1.3612847861772495	0.002679393512537792	1.0	1.0	2.0
825000	2.1034408761639263	0.0026512716630897504	1.0	1.0	2.0
826000	1.3698694407801844	0.015915263586802137	1.0	1.0	2.0
827000	1.4876959599732313	6.489675717063426E-4	1.0	1.0	2.0
828000	1.4396881748367332	0.06525584061835545	1.0	1.0	2.0
829000	1.8516327087290811	3.8491150979242213E-4	1.0	1.0	2.0
830000	0.5111051914374521	0.028379528237142928	1.0	1.0	2.0
831000	1.3786660996246336	0.017383599049239234	1.0	1.0	2.0
832000	4.425271235198427	0.019190605116634573	1.0	1.0	2.0
833000	0.8877532459714115	0.01894820393888572	1.0	1.0	2.0
834000	1.179222262252304	0.011399911945295617	1.0	1.0	2.0
835000	1.8152323178207714	0.025454663374810456	1.0	1.0	2.0
836000	1.4895673931191034	0.031221997323065187	1.0	1.0	2.0
837000	5.435041059631438	0.02056511726702544	1.0	1.0	2.0
838000	1.8588730992488414	0.021746479233621746	1.0	1.0	2.0
839000	5.176018849372021	0.08932097107523801	1.0	1.0	2.0
840000	4.184764472494408	0.010217557464015467	1.0	1.0	2.0
841000	3.4777552391909103	0.08208287575224558	1.0	1.0	2.0
842000	3.4446648655932894	0.013308762927890882	1.0	1.0	2.0
843000	1.623713063524669	0.07007107897182181	1.0	1.0	2.0
844000	0.6596641094957684	6.622068205987681E-4	1.0	1.0	2.0
845000	6.371227482116453	0.29019568718331124	1.0	1.0	2.0
846000	1.160919892752741	0.010518780391492311	1.0	1.0	2.0
847000	0.15650893871483848	4.91709433255426E-4	1.0	1.0	2.0
848000	2.4592220965111053	0.025015024090589418	1.0	1.0	2.0
849000	0.5380467678263052	2.58039965841875E-4	1.0	1.0	2.0
850000	2.875044838730787	0.006387730100136277	1.0	1.0	2.0
851000	1.813289689743273	0.0013303096959693366	1.0	1.0	2.0
852000	1.817265808585877	0.014625820251263036	1.0	1.0	2.0
853000	0.33066398162865945	0.0039120591034206295	1.0	1.0	2.0
854000	3.321362676964661	0.07501863810333234	1.0	1.0	2.0
855000	1.4893168147866247	0.003697415225246602	1.0	1.0	2.0
856000	2.1405696290779277	0.01486073897662403	1.0	1.0	2.0
857000	1.1781805136445669	0.01275489658307348	1.0	1.0	2.0
858000	2.4375767255823746	0.014011474539808322	1.0	1.0	2.0
859000	1.7903458367562468	0.03420976553757519	1.0	1.0	2.0
860000	2.4578482785065434	0.03252834209505145	1.0	1.0	2.0
861000	3.333902849158352	0.10000305804103152	1.0	1.0	2.0
862000	1.5938298970594367	0.0021223559493731867	1.0	1.0	2.0
863000	0.6232368106236263	0.0018243460818213935	1.0	1.0	2.0
864000	3.1226295541812004	0.023751133739544357	1.0	1.0	2.0
865000	0.7560546729930926	0.029686954083367155	1.0	1.0	2.0
866000	0.5572446231449649	0.036062122604297156	1.0	1.0	2.0
867000	1.71077116135903	0.021380275504168687	1.0	1.0	2.0
868000	2.2147497565839376	0.046942707754545995	1.0	1.0	2.0
869000	2.4689272364661448	0.0037327929473932506	1.0	1.0	2.0
870000	2.9833547673885046	0.04035752067279287	1.0	1.0	2.0
871000	0.5957918995361133	4.6656850265102795E-4	1.0	1.0	2.0
872000	6.679504277706653	0.11742563743724727	1.0	1.0	2.0
873000	1.179654872388852	0.014514295069942734	1.0	1.0	2.0
874000	1.4187543887729017	0.03238215437042677	1.0	1.0	2.0
875000	1.1021508684733257	0.0037419512074844665	1.0	1.0	2.0
876000	1.0055479361223207	0.013447627273523234	1.0	1.0	2.0
877000	1.9856697404380235	0.01173926985794288	1.0	1.0	2.0
878000	1.3645066128079568	0.0015062670947288634	1.0	1.0	2.0
879000	1.1907955852160128	0.0018236462496914318	1.0	1.0	2.0
880000	1.2875262542217616	0.010881268983270298	1.0	1.0	2.0
881000	0.19571571047402167	0.004395913979242767	1.0	1.0	2.0
882000	3.291560761574443	0.16801873429948422	1.0	1.0	2.0
883000	2.192889393862893	0.014348869665614968	1.0	1.0	2.0
884000	2.826341507489294	0.02693331380106155	1.0	1.0	2.0
885000	3.052968784734958	0.05238593762966701	1.0	1.0	2.0
886000	1.9941931762863856	0.09958518998773368	1.0	1.0	2.0
887000	0.5415169265634083	0.013467387257025959	1.0	1.0	2.0
888000	1.9037806364826435	0.017425304825874406	1.0	1.0	2.0
889000	0.9031408280928229	0.005464338767530148	1.0	1.0	2.0
890000	1.0747205155754622	0.004585824826913404	1.0	1.0	2.0
891000	0.019190332577906734	7.170227865328374E-5	1.0	1.0	2.0
892000	1.887352127476576	9.464274720703356E-4	1.0	1.0	2.0
893000	1.8200029234843416	0.009080540655331414	1.0	1.0	2.0
894000	1.0429379260905098	0.013682871147415194	1.0	1.0	2.0
895000	3.9396164434876937	0.026261876772727736	1.0	1.0	2.0
896000	0.4649802336175669	0.0070140310132746	1.0	1.0	2.0
897000	1.6532010834070843	0.11814032624123086	1.0	1.0	2.0
898000	2.1460791165402324	0.020009415595491204	1.0	1.0	2.0
899000	3.32868455758567	0.045128170672873946	1.0	1.0	2.0
900000	2.739825512103701	0.0032237648156799633	1.0	1.0	2.0
901000	0.7260673104191625	0.004450854391306846	1.0	1.0	2.0
902000	2.45246233772973	0.02136157159742587	1.0	1.0	2.0
903000	0.794429157747057	0.0071869389819325565	1.0	1.0	2.0
904000	2.180143932758891	0.002910033120994871	1.0	1.0	2.0
905000	0.07217884342612116	0.00204988249429397	1.0	1.0	2.0
906000	1.708337302286002	0.0026054994563165057	1.0	1.0	2.0
907000	1.774191133907625	0.008082842120711939	1.0	1.0	2.0
908000	1.3908178920543552	0.036561427903690984	1.0	1.0	2.0
909000	0.44932014400305165	0.02088586300713392	1.0	1.0	2.0
910000	1.6065961690440098	0.003591456555803842	1.0	1.0	2.0
911000	1.3583023550939526	0.05957171843070606	1.0	1.0	2.0
912000	2.444996076814785	0.00752008669756924	1.0	1.0	2.0
913000	3.0608831008878785	0.03328806109141728	1.0	1.0	2.0
914000	1.790016301310772	0.04404233721013688	1.0	1.0	2.0
915000	1.1185264767681904	0.054112274847943925	1.0	1.0	2.0
916000	1.1753913659123476	0.0017146177858269798	1.0	1.0	2.0
917000	1.7541591737024784	0.054101332700962054	1.0	1.0	2.0
918000	0.8446734221298812	0.013025608701501112	1.0	1.0	2.0
919000	1.8111498588570152	0.002040407231665862	1.0	1.0	2.0
920000	0.5167151108922509	3.561164324416794E-4	1.0	1.0	2.0
921000	0.8818775005628686	0.03502604292924393	1.0	1.0	2.0
922000	2.3772965548959304	0.06313530774694899	1.0	1.0	2.0
923000	2.955499566602201	0.09371296470122942	1.0	1.0	2.0
924000	2.89285249392851	0.03477703447806598	1.0	1.0	2.0
925000	1.0029105200111619	0.014109436287331793	1.0	1.0	2.0
926000	1.4304676095876017	0.006918227113562891	1.0	1.0	2.0
927000	1.3126061431188687	0.02199849362614798	1.0	1.0	2.0
928000	1.9850088687860679	0.007947842927078936	1.0	1.0	2.0
929000	1.9890203486864708	0.08671816751469408	1.0	1.0	2.0
930000	0.9911977546488495	0.003881052911443701	1.0	1.0	2.0
931000	2.295500858688342	0.12359878893611187	1.0	1.0	2.0
932000	1.3581473453069024	0.004674131753364796	1.0	1.0	2.0
933000	0.558488663550068	1.1491811821397604E-4	1.0	1.0	2.0
934000	2.4438811743546878	0.01679227687750607	1.0	1.0	2.0
935000	1.7480404542084045	0.021622837119896845	1.0	1.0	2.0
936000	1.1411985628389643	6.369023996436123E-4	1.0	1.0	2.0
937000	0.7576691288605533	0.011429883024762525	1.0	1.0	2.0
938000	4.003764751979573	0.046383625291139645	1.0	1.0	2.0
939000	1.323349054078823	0.00609190052512607	1.0	1.0	2.0
940000	5.685853329271763	0.048215876797383275	1.0	1.0	2.0
941000	1.8078864279048243	0.02450763529247465	1.0	1.0	2.0
942000	0.19768464588146206	1.433030062216168E-5	1.0	1.0	2.0
943000	3.214869869858285	0.005740274378004724	1.0	1.0	2.0
944000	1.7973007710754287	0.06192653571684185	1.0	1.0	2.0
945000	2.988637029852629	0.0763524543847446	1.0	1.0	2.0
946000	1.3474717935519407	0.02475843121040444	1.0	1.0	2.0
947000	4.770316206329644	3.811609884761916E-4	1.0	1.0	2.0
948000	0.7085246095737778	5.812612323306889E-4	1.0	1.0	2.0
949000	1.2226097852471787	0.009301964189238177	1.0	1.0	2.0
950000	1.5801376627023476	0.005526246254570743	1.0	1.0	2.0
951000	5.349307123518492	0.01087995373004337	1.0	1.0	2.0
952000	1.2422287642122345	0.023969782866925086	1.0	1.0	2.0
953000	2.4021156158945183	0.0019315993748576135	1.0	1.0	2.0
954000	3.5639147892633787	0.07246523081200129	1.0	1.0	2.0
955000	0.8649086480009153	0.012852703210834994	1.0	1.0	2.0
956000	7.110596619200842	0.04120931723727857	1.0	1.0	2.0
957000	0.283817938380932	3.5575409542342395E-4	1.0	1.0	2.0
958000	0.2205652936396927	2.1281716050621438E-4	1.0	1.0	2.0
959000	0.5158793545483878	5.186722357107913E-4	1.0	1.0	2.0
960000	0.3128053954504927	0.002955686805764077	1.0	1.0	2.0
961000	0.540082819293176	0.0017724096141882716	1.0	1.0	2.0
962000	2.1713772563288156	0.08920497410607219	1.0	1.0	2.0
963000	1.186682022436073	0.06336517299948842	1.0	1.0	2.0
964000	0.4492139533538891	0.005853639661864222	1.0	1.0	2.0
965000	1.0992952049420999	0.018804675620034742	1.0	1.0	2.0
966000	0.6404128083587909	0.0013805325077303073	1.0	1.0	2.0
967000	1.4326665950725823	0.03325771731914351	1.0	1.0	2.0
968000	0.4395024613532608	0.0010262318912627958	1.0	1.0	2.0
969000	6.529862950496706	0.23033179883342378	1.0	1.0	2.0
970000	1.3172178195334179	0.0025069006647287346	1.0	1.0	2.0
971000	1.386014489236245	0.0029916333259365777	1.0	1.0	2.0
972000	0.5491072601426104	8.082925235513924E-4	1.0	1.0	2.0
973000	3.226744623742766	0.026435664313814715	1.0	1.0	2.0
974000	2.935893547357344	9.681099074421377E-4	1.0	1.0	2.0
975000	1.3862081340161838	0.014475896074659439	1.0	1.0	2.0
976000	1.9578421896022487	0.04189655436725413	1.0	1.0	2.0
977000	1.6359989070930097	0.012340993434569016	1.0	1.0	2.0
978000	0.5189088238405649	0.017322368642695696	1.0	1.0	2.0
979000	0.9092972842148133	0.013993412255113247	1.0	1.0	2.0
980000	1.183934266691307	0.00879387834181465	1.0	1.0	2.0
981000	0.12080428147755128	9.368960312689631E-4	1.0	1.0	2.0
982000	2.617602897275473	0.025768607326278208	1.0	1.0	2.0
983000	5.196289144847768	0.20211111819435051	1.0	1.0	2.0
984000	0.9781784074525594	0.017205690411455525	1.0	1.0	2.0
985000	4.740486674768982	0.14057865873167202	1.0	1.0	2.0
986000	2.2143648587020444	0.0303380322188971	1.0	1.0	2.0
987000	2.383409739050891	9.794126930794743E-4	1.0	1.0	2.0
988000	2.467303506851543	0.025454786661004907	1.0	1.0	2.0
989000	1.2146587916383003	0.030356881358636695	1.0	1.0	2.0
990000	2.1413215349388173	0.007011725643957288	1.0	1.0	2.0
991000	1.2812854887099574	0.012720630977646103	1.0	1.0	2.0
992000	1.2931537065770913	0.013238077284048268	1.0	1.0	2.0
993000	2.0311294388940113	0.017614398278177797	1.0	1.0	2.0
994000	1.8338472792022877	0.032225943601307094	1.0	1.0	2.0
995000	4.213432605892162	0.03436527068122565	1.0	1.0	2.0
996000	0.5713809870671533	0.005836981403912371	1.0	1.0	2.0
997000	1.5502494408914835	0.016056244191572762	1.0	1.0	2.0
998000	3.0283151333908536	0.01687751520436146	1.0	1.0	2.0
999000	4.071098528516185	0.04528604400265475	1.0	1.0	2.0
1000000	1.925995189432188	0.004951013932969918	1.0	1.0	2.0
